                                                                                                          
/Users/owen/.darwin/datasets/rafals-team/import_benchmark/images/image_7609.jpg ━━╸ 96.0% 1.… • 83… • 0:0…
                                                                                          MB    kB…       
/Users/owen/.darwin/datasets/rafals-team/import_benchmark/images/image_6271.jpg ━━╸ 99.0% 1.… • 86… • 0:0…
                                                                                          MB    kB…       
/Users/owen/.darwin/datasets/rafals-team/import_benchmark/images/image_9624.jpg ━━╸ 86.1% 0.… • 82… • 0:0…
                                                                                          MB    kB…       
/Users/owen/.darwin/datasets/rafals-team/import_benchmark/images/image_6517.jpg ━━  70.9% 0.… • 77… • 0:0…
                                                                                          MB    kB…       
/Users/owen/.darwin/datasets/rafals-team/import_benchmark/images/image_1278.jpg ╸   23.6% 0.… • 62… • 0:0…
                                                                                          MB    kB…       
/Users/owen/.darwin/datasets/rafals-team/import_benchmark/images/image_2771.jpg ╸   22.9% 0.… • 74… • 0:0…
                                                                                          MB    kB…       
/Users/owen/.darwin/datasets/rafals-team/import_benchmark/images/image_4300.jpg ╸   19.8% 0.… • 72… • 0:0…
                                                                                          MB    kB…       
/Users/owen/.darwin/datasets/rafals-team/import_benchmark/images/image_7621.jpg     16.0% 0.… • 95… • 0:0…
                                                                                          MB    kB…       
/Users/owen/.darwin/datasets/rafals-team/import_benchmark/images/image_8512.jpg     13.0% 0.… • 3.9 • 0:0…
                                                                                          MB    MB…       
/Users/owen/.darwin/datasets/rafals-team/import_benchmark/images/image_1250.jpg     0.0%  0.… • ?   • -:-…
                                                                                          MB              
/Users/owen/.darwin/datasets/rafals-team/import_benchmark/images/image_2759.jpg     0.0%  0.… • ?   • -:-…
                                                                                          MB              
Total progress ━━━━━━━━━━━━━━━━━━━━━━━━━━━━━━━━         8236 of 10200                                     